<?xml version="1.0" encoding="UTF-8"?>
<!-- Generated by org.testng.reporters.JUnitXMLReporter -->
<testsuite hostname="EGDM1-ABaiomy" ignored="0" name="tests1" tests="4" failures="4" timestamp="24 Mar 2019 17:37:11 GMT" time="7.012" errors="0">
  <testcase name="CheckLogin" time="0.001" classname="tests.RetailMurabahaTest">
    <failure type="java.lang.NullPointerException">
      <![CDATA[java.lang.NullPointerException
at org.openqa.selenium.support.pagefactory.DefaultElementLocator.findElement(DefaultElementLocator.java:69)
at org.openqa.selenium.support.pagefactory.internal.LocatingElementHandler.invoke(LocatingElementHandler.java:38)
at com.sun.proxy.$Proxy11.sendKeys(Unknown Source)
at Pages.PageBase.setTextElementText(PageBase.java:55)
at Pages.LoginPage.UserLogin(LoginPage.java:43)
at tests.RetailMurabahaTest.CheckLogin(RetailMurabahaTest.java:51)
... Removed 25 stack frames]]>
    </failure>
  </testcase> <!-- CheckLogin -->
  <testcase name="CheckOpenRetailMurabah" time="7.003" classname="tests.RetailMurabahaTest">
    <failure type="java.lang.NullPointerException">
      <![CDATA[java.lang.NullPointerException
at org.openqa.selenium.support.pagefactory.DefaultElementLocator.findElement(DefaultElementLocator.java:69)
at org.openqa.selenium.support.pagefactory.internal.LocatingElementHandler.invoke(LocatingElementHandler.java:38)
at com.sun.proxy.$Proxy11.sendKeys(Unknown Source)
at Pages.RetailMurabahaPage.OpenRetailMurabaha(RetailMurabahaPage.java:51)
at tests.RetailMurabahaTest.CheckOpenRetailMurabah(RetailMurabahaTest.java:59)
... Removed 25 stack frames]]>
    </failure>
  </testcase> <!-- CheckOpenRetailMurabah -->
  <testcase name="CheckInsertAllMandatoryFields" time="0.001" classname="tests.RetailMurabahaTest">
    <failure type="java.lang.NullPointerException">
      <![CDATA[java.lang.NullPointerException
at org.openqa.selenium.support.pagefactory.DefaultElementLocator.findElement(DefaultElementLocator.java:69)
at org.openqa.selenium.support.pagefactory.internal.LocatingElementHandler.invoke(LocatingElementHandler.java:38)
at com.sun.proxy.$Proxy11.sendKeys(Unknown Source)
at Pages.PageBase.setTextElementText(PageBase.java:55)
at Pages.RetailMurabahaPage.FillRequiredFields(RetailMurabahaPage.java:78)
at tests.RetailMurabahaTest.CheckInsertAllMandatoryFields(RetailMurabahaTest.java:65)
... Removed 25 stack frames]]>
    </failure>
  </testcase> <!-- CheckInsertAllMandatoryFields -->
  <testcase name="CheckSaveRetailMurabaha" time="0.001" classname="tests.RetailMurabahaTest">
    <failure type="java.lang.NullPointerException">
      <![CDATA[java.lang.NullPointerException
at org.openqa.selenium.support.pagefactory.DefaultElementLocator.findElement(DefaultElementLocator.java:69)
at org.openqa.selenium.support.pagefactory.internal.LocatingElementHandler.invoke(LocatingElementHandler.java:38)
at com.sun.proxy.$Proxy11.click(Unknown Source)
at Pages.PageBase.clickButton(PageBase.java:50)
at Pages.RetailMurabahaPage.SaveRetailMurabaha(RetailMurabahaPage.java:102)
at tests.RetailMurabahaTest.CheckSaveRetailMurabaha(RetailMurabahaTest.java:75)
... Removed 25 stack frames]]>
    </failure>
  </testcase> <!-- CheckSaveRetailMurabaha -->
</testsuite> <!-- tests1 -->
