<!DOCTYPE html>

<html>
  <head>
  <meta charset='utf-8'>
  <title>TestNG reports</title>

    <link type="text/css" href="testng-reports.css" rel="stylesheet" />
    <script type="text/javascript" src="jquery-1.7.1.min.js"></script>
    <script type="text/javascript" src="testng-reports.js"></script>
    <script type="text/javascript" src="https://www.google.com/jsapi"></script>
    <script type='text/javascript'>
      google.load('visualization', '1', {packages:['table']});
      google.setOnLoadCallback(drawTable);
      var suiteTableInitFunctions = new Array();
      var suiteTableData = new Array();
    </script>
    <!--
      <script type="text/javascript" src="jquery-ui/js/jquery-ui-1.8.16.custom.min.js"></script>
     -->
  </head>

  <body>
    <div class="top-banner-root">
      <span class="top-banner-title-font">Test results</span>
      <br/>
      <span class="top-banner-font-1">1 suite, 1 failed test</span>
    </div> <!-- top-banner-root -->
    <div class="navigator-root">
      <div class="navigator-suite-header">
        <span>All suites</span>
        <a href="#" class="collapse-all-link" title="Collapse/expand all the suites">
          <img class="collapse-all-icon" src="collapseall.gif">
          </img> <!-- collapse-all-icon -->
        </a> <!-- collapse-all-link -->
      </div> <!-- navigator-suite-header -->
      <div class="suite">
        <div class="rounded-window">
          <div class="suite-header light-rounded-window-top">
            <a href="#" class="navigator-link" panel-name="suite-testSuite">
              <span class="suite-name border-failed">testSuite</span>
            </a> <!-- navigator-link -->
          </div> <!-- suite-header light-rounded-window-top -->
          <div class="navigator-suite-content">
            <div class="suite-section-title">
              <span>Info</span>
            </div> <!-- suite-section-title -->
            <div class="suite-section-content">
              <ul>
                <li>
                  <a href="#" class="navigator-link " panel-name="test-xml-testSuite">
                    <span>C:\Users\Mohamed.Emad\eclipse-workspace\I50QCFramework1\testng.xml</span>
                  </a> <!-- navigator-link  -->
                </li>
                <li>
                  <a href="#" class="navigator-link " panel-name="testlist-testSuite">
                    <span class="test-stats">1 test</span>
                  </a> <!-- navigator-link  -->
                </li>
                <li>
                  <a href="#" class="navigator-link " panel-name="group-testSuite">
                    <span>3 groups</span>
                  </a> <!-- navigator-link  -->
                </li>
                <li>
                  <a href="#" class="navigator-link " panel-name="times-testSuite">
                    <span>Times</span>
                  </a> <!-- navigator-link  -->
                </li>
                <li>
                  <a href="#" class="navigator-link " panel-name="reporter-testSuite">
                    <span>Reporter output</span>
                  </a> <!-- navigator-link  -->
                </li>
                <li>
                  <a href="#" class="navigator-link " panel-name="ignored-methods-testSuite">
                    <span>Ignored methods</span>
                  </a> <!-- navigator-link  -->
                </li>
                <li>
                  <a href="#" class="navigator-link " panel-name="chronological-testSuite">
                    <span>Chronological view</span>
                  </a> <!-- navigator-link  -->
                </li>
              </ul>
            </div> <!-- suite-section-content -->
            <div class="result-section">
              <div class="suite-section-title">
                <span>Results</span>
              </div> <!-- suite-section-title -->
              <div class="suite-section-content">
                <ul>
                  <li>
                    <span class="method-stats">9 methods, 1 failed,  7 skipped,  1 passed</span>
                  </li>
                  <li>
                    <span class="method-list-title failed">Failed methods</span>
                    <span class="show-or-hide-methods failed">
                      <a href="#" panel-name="suite-testSuite" class="hide-methods failed suite-testSuite"> (hide)</a> <!-- hide-methods failed suite-testSuite -->
                      <a href="#" panel-name="suite-testSuite" class="show-methods failed suite-testSuite"> (show)</a> <!-- show-methods failed suite-testSuite -->
                    </span>
                    <div class="method-list-content failed suite-testSuite">
                      <span>
                        <img width="3%" src="failed.png"/>
                        <a href="#" class="method navigator-link" panel-name="suite-testSuite" title="tests.IndividualProspectTest" hash-for-method="addNewIndividualProspect_Case1">addNewIndividualProspect_Case1</a> <!-- method navigator-link -->
                      </span>
                      <br/>
                    </div> <!-- method-list-content failed suite-testSuite -->
                  </li>
                  <li>
                    <span class="method-list-title skipped">Skipped methods</span>
                    <span class="show-or-hide-methods skipped">
                      <a href="#" panel-name="suite-testSuite" class="hide-methods skipped suite-testSuite"> (hide)</a> <!-- hide-methods skipped suite-testSuite -->
                      <a href="#" panel-name="suite-testSuite" class="show-methods skipped suite-testSuite"> (show)</a> <!-- show-methods skipped suite-testSuite -->
                    </span>
                    <div class="method-list-content skipped suite-testSuite">
                      <span>
                        <img width="3%" src="skipped.png"/>
                        <a href="#" class="method navigator-link" panel-name="suite-testSuite" title="tests.RetailMurabahaTest" hash-for-method="CheckInsertAllMandatoryFields">CheckInsertAllMandatoryFields</a> <!-- method navigator-link -->
                      </span>
                      <br/>
                      <span>
                        <img width="3%" src="skipped.png"/>
                        <a href="#" class="method navigator-link" panel-name="suite-testSuite" title="tests.RetailMurabahaTest" hash-for-method="CheckOpenRetailMurabah">CheckOpenRetailMurabah</a> <!-- method navigator-link -->
                      </span>
                      <br/>
                      <span>
                        <img width="3%" src="skipped.png"/>
                        <a href="#" class="method navigator-link" panel-name="suite-testSuite" title="tests.RetailMurabahaTest" hash-for-method="CheckSaveRetailMurabaha">CheckSaveRetailMurabaha</a> <!-- method navigator-link -->
                      </span>
                      <br/>
                      <span>
                        <img width="3%" src="skipped.png"/>
                        <a href="#" class="method navigator-link" panel-name="suite-testSuite" title="tests.ProductSetupTest" hash-for-method="FillData">FillData</a> <!-- method navigator-link -->
                      </span>
                      <br/>
                      <span>
                        <img width="3%" src="skipped.png"/>
                        <a href="#" class="method navigator-link" panel-name="suite-testSuite" title="tests.ProductSetupTest" hash-for-method="PostButton">PostButton</a> <!-- method navigator-link -->
                      </span>
                      <br/>
                      <span>
                        <img width="3%" src="skipped.png"/>
                        <a href="#" class="method navigator-link" panel-name="suite-testSuite" title="tests.RetailMurabahaTest" hash-for-method="RequestForApprove">RequestForApprove</a> <!-- method navigator-link -->
                      </span>
                      <br/>
                      <span>
                        <img width="3%" src="skipped.png"/>
                        <a href="#" class="method navigator-link" panel-name="suite-testSuite" title="tests.ProductSetupTest" hash-for-method="SaveProductSetup">SaveProductSetup</a> <!-- method navigator-link -->
                      </span>
                      <br/>
                    </div> <!-- method-list-content skipped suite-testSuite -->
                  </li>
                  <li>
                    <span class="method-list-title passed">Passed methods</span>
                    <span class="show-or-hide-methods passed">
                      <a href="#" panel-name="suite-testSuite" class="hide-methods passed suite-testSuite"> (hide)</a> <!-- hide-methods passed suite-testSuite -->
                      <a href="#" panel-name="suite-testSuite" class="show-methods passed suite-testSuite"> (show)</a> <!-- show-methods passed suite-testSuite -->
                    </span>
                    <div class="method-list-content passed suite-testSuite">
                      <span>
                        <img width="3%" src="passed.png"/>
                        <a href="#" class="method navigator-link" panel-name="suite-testSuite" title="tests.IndividualProspectTest" hash-for-method="CheckLogin">CheckLogin</a> <!-- method navigator-link -->
                      </span>
                      <br/>
                    </div> <!-- method-list-content passed suite-testSuite -->
                  </li>
                </ul>
              </div> <!-- suite-section-content -->
            </div> <!-- result-section -->
          </div> <!-- navigator-suite-content -->
        </div> <!-- rounded-window -->
      </div> <!-- suite -->
    </div> <!-- navigator-root -->
    <div class="wrapper">
      <div class="main-panel-root">
        <div panel-name="suite-testSuite" class="panel testSuite">
          <div class="suite-testSuite-class-failed">
            <div class="main-panel-header rounded-window-top">
              <img src="failed.png"/>
              <span class="class-name">tests.IndividualProspectTest</span>
            </div> <!-- main-panel-header rounded-window-top -->
            <div class="main-panel-content rounded-window-bottom">
              <div class="method">
                <div class="method-content">
                  <a name="addNewIndividualProspect_Case1">
                  </a> <!-- addNewIndividualProspect_Case1 -->
                  <span class="method-name">addNewIndividualProspect_Case1</span>
                  <div class="stack-trace">org.openqa.selenium.WebDriverException: chrome not reachable
  (Session info: chrome=73.0.3683.86)
  (Driver info: chromedriver=71.0.3578.33 (269aa0e3f0db08097f0fe231c7e6be200b6939f7),platform=Windows NT 10.0.16299 x86_64) (WARNING: The server did not provide any stacktrace information)
Command duration or timeout: 0 milliseconds
Build info: version: &apos;3.141.59&apos;, revision: &apos;e82be7d358&apos;, time: &apos;2018-11-14T08:17:03&apos;
System info: host: &apos;EGDM1-MEMAD&apos;, ip: &apos;192.168.113.61&apos;, os.name: &apos;Windows 10&apos;, os.arch: &apos;amd64&apos;, os.version: &apos;10.0&apos;, java.version: &apos;1.8.0_202&apos;
Driver info: org.openqa.selenium.chrome.ChromeDriver
Capabilities {acceptInsecureCerts: false, acceptSslCerts: false, applicationCacheEnabled: false, browserConnectionEnabled: false, browserName: chrome, chrome: {chromedriverVersion: 71.0.3578.33 (269aa0e3f0db0..., userDataDir: C:\Users\MOHAME~1.EMA\AppDa...}, cssSelectorsEnabled: true, databaseEnabled: false, goog:chromeOptions: {debuggerAddress: localhost:60912}, handlesAlerts: true, hasTouchScreen: false, javascriptEnabled: true, locationContextEnabled: true, mobileEmulationEnabled: false, nativeEvents: true, networkConnectionEnabled: false, pageLoadStrategy: normal, platform: XP, platformName: XP, rotatable: false, setWindowRect: true, takesHeapSnapshot: true, takesScreenshot: true, unexpectedAlertBehaviour: , unhandledPromptBehavior: , version: 73.0.3683.86, webStorageEnabled: true}
Session ID: 5f681bd3f1a4f35be880889e808a1b4c
*** Element info: {Using=css selector, value=#contact_01 &gt; div &gt; div.col-lg-11 &gt; div.row &gt; div:nth-child(2) &gt; div &gt; div.VisitedModules &gt; ul}
	at sun.reflect.NativeConstructorAccessorImpl.newInstance0(Native Method)
	at sun.reflect.NativeConstructorAccessorImpl.newInstance(Unknown Source)
	at sun.reflect.DelegatingConstructorAccessorImpl.newInstance(Unknown Source)
	at java.lang.reflect.Constructor.newInstance(Unknown Source)
	at org.openqa.selenium.remote.ErrorHandler.createThrowable(ErrorHandler.java:214)
	at org.openqa.selenium.remote.ErrorHandler.throwIfResponseFailed(ErrorHandler.java:166)
	at org.openqa.selenium.remote.http.JsonHttpResponseCodec.reconstructValue(JsonHttpResponseCodec.java:40)
	at org.openqa.selenium.remote.http.AbstractHttpResponseCodec.decode(AbstractHttpResponseCodec.java:80)
	at org.openqa.selenium.remote.http.AbstractHttpResponseCodec.decode(AbstractHttpResponseCodec.java:44)
	at org.openqa.selenium.remote.HttpCommandExecutor.execute(HttpCommandExecutor.java:158)
	at org.openqa.selenium.remote.service.DriverCommandExecutor.execute(DriverCommandExecutor.java:83)
	at org.openqa.selenium.remote.RemoteWebDriver.execute(RemoteWebDriver.java:552)
	at org.openqa.selenium.remote.RemoteWebDriver.findElement(RemoteWebDriver.java:323)
	at org.openqa.selenium.remote.RemoteWebDriver.findElementByCssSelector(RemoteWebDriver.java:420)
	at org.openqa.selenium.By$ByCssSelector.findElement(By.java:431)
	at org.openqa.selenium.remote.RemoteWebDriver.findElement(RemoteWebDriver.java:315)
	at org.openqa.selenium.support.pagefactory.DefaultElementLocator.findElement(DefaultElementLocator.java:69)
	at org.openqa.selenium.support.pagefactory.internal.LocatingElementHandler.invoke(LocatingElementHandler.java:38)
	at com.sun.proxy.$Proxy12.isDisplayed(Unknown Source)
	at org.openqa.selenium.support.ui.ExpectedConditions.elementIfVisible(ExpectedConditions.java:314)
	at org.openqa.selenium.support.ui.ExpectedConditions.access$000(ExpectedConditions.java:43)
	at org.openqa.selenium.support.ui.ExpectedConditions$10.apply(ExpectedConditions.java:300)
	at org.openqa.selenium.support.ui.ExpectedConditions$10.apply(ExpectedConditions.java:297)
	at org.openqa.selenium.support.ui.ExpectedConditions$23.apply(ExpectedConditions.java:670)
	at org.openqa.selenium.support.ui.ExpectedConditions$23.apply(ExpectedConditions.java:666)
	at org.openqa.selenium.support.ui.FluentWait.until(FluentWait.java:249)
	at Pages.PageBase.waitForElement(PageBase.java:138)
	at Pages.IndividualProspectPage.OpenIndividualProspect(IndividualProspectPage.java:148)
	at tests.IndividualProspectTest.addNewIndividualProspect_Case1(IndividualProspectTest.java:54)
	at sun.reflect.NativeMethodAccessorImpl.invoke0(Native Method)
	at sun.reflect.NativeMethodAccessorImpl.invoke(Unknown Source)
	at sun.reflect.DelegatingMethodAccessorImpl.invoke(Unknown Source)
	at java.lang.reflect.Method.invoke(Unknown Source)
	at org.testng.internal.MethodInvocationHelper.invokeMethod(MethodInvocationHelper.java:124)
	at org.testng.internal.Invoker.invokeMethod(Invoker.java:583)
	at org.testng.internal.Invoker.invokeTestMethod(Invoker.java:719)
	at org.testng.internal.Invoker.invokeTestMethods(Invoker.java:989)
	at org.testng.internal.TestMethodWorker.invokeTestMethods(TestMethodWorker.java:125)
	at org.testng.internal.TestMethodWorker.run(TestMethodWorker.java:109)
	at org.testng.TestRunner.privateRun(TestRunner.java:648)
	at org.testng.TestRunner.run(TestRunner.java:505)
	at org.testng.SuiteRunner.runTest(SuiteRunner.java:455)
	at org.testng.SuiteRunner.access$000(SuiteRunner.java:40)
	at org.testng.SuiteRunner$SuiteWorker.run(SuiteRunner.java:489)
	at org.testng.internal.thread.ThreadUtil$1.call(ThreadUtil.java:52)
	at java.util.concurrent.FutureTask.run(Unknown Source)
	at java.util.concurrent.ThreadPoolExecutor.runWorker(Unknown Source)
	at java.util.concurrent.ThreadPoolExecutor$Worker.run(Unknown Source)
	at java.lang.Thread.run(Unknown Source)

</div> <!-- stack-trace -->
                </div> <!-- method-content -->
              </div> <!-- method -->
            </div> <!-- main-panel-content rounded-window-bottom -->
          </div> <!-- suite-testSuite-class-failed -->
          <div class="suite-testSuite-class-skipped">
            <div class="main-panel-header rounded-window-top">
              <img src="skipped.png"/>
              <span class="class-name">tests.ProductSetupTest</span>
            </div> <!-- main-panel-header rounded-window-top -->
            <div class="main-panel-content rounded-window-bottom">
              <div class="method">
                <div class="method-content">
                  <a name="FillData">
                  </a> <!-- FillData -->
                  <span class="method-name">FillData</span>
                  <div class="stack-trace">java.lang.Throwable: Method ProductSetupTest.FillData()[pri:0, instance:tests.ProductSetupTest@5622fdf] depends on not successfully finished methods in group &quot;IndividualProspectTest&quot;
	at org.testng.internal.Invoker.invokeTestMethods(Invoker.java:888)
	at org.testng.internal.TestMethodWorker.invokeTestMethods(TestMethodWorker.java:125)
	at org.testng.internal.TestMethodWorker.run(TestMethodWorker.java:109)
	at org.testng.TestRunner.privateRun(TestRunner.java:648)
	at org.testng.TestRunner.run(TestRunner.java:505)
	at org.testng.SuiteRunner.runTest(SuiteRunner.java:455)
	at org.testng.SuiteRunner.access$000(SuiteRunner.java:40)
	at org.testng.SuiteRunner$SuiteWorker.run(SuiteRunner.java:489)
	at org.testng.internal.thread.ThreadUtil$1.call(ThreadUtil.java:52)
	at java.util.concurrent.FutureTask.run(Unknown Source)
	at java.util.concurrent.ThreadPoolExecutor.runWorker(Unknown Source)
	at java.util.concurrent.ThreadPoolExecutor$Worker.run(Unknown Source)
	at java.lang.Thread.run(Unknown Source)

</div> <!-- stack-trace -->
                </div> <!-- method-content -->
              </div> <!-- method -->
              <div class="method">
                <div class="method-content">
                  <a name="PostButton">
                  </a> <!-- PostButton -->
                  <span class="method-name">PostButton</span>
                  <div class="stack-trace">java.lang.Throwable: Method ProductSetupTest.PostButton()[pri:0, instance:tests.ProductSetupTest@5622fdf] depends on not successfully finished methods
	at org.testng.internal.Invoker.invokeTestMethods(Invoker.java:888)
	at org.testng.internal.TestMethodWorker.invokeTestMethods(TestMethodWorker.java:125)
	at org.testng.internal.TestMethodWorker.run(TestMethodWorker.java:109)
	at org.testng.TestRunner.privateRun(TestRunner.java:648)
	at org.testng.TestRunner.run(TestRunner.java:505)
	at org.testng.SuiteRunner.runTest(SuiteRunner.java:455)
	at org.testng.SuiteRunner.access$000(SuiteRunner.java:40)
	at org.testng.SuiteRunner$SuiteWorker.run(SuiteRunner.java:489)
	at org.testng.internal.thread.ThreadUtil$1.call(ThreadUtil.java:52)
	at java.util.concurrent.FutureTask.run(Unknown Source)
	at java.util.concurrent.ThreadPoolExecutor.runWorker(Unknown Source)
	at java.util.concurrent.ThreadPoolExecutor$Worker.run(Unknown Source)
	at java.lang.Thread.run(Unknown Source)

</div> <!-- stack-trace -->
                </div> <!-- method-content -->
              </div> <!-- method -->
              <div class="method">
                <div class="method-content">
                  <a name="SaveProductSetup">
                  </a> <!-- SaveProductSetup -->
                  <span class="method-name">SaveProductSetup</span>
                  <div class="stack-trace">java.lang.Throwable: Method ProductSetupTest.SaveProductSetup()[pri:0, instance:tests.ProductSetupTest@5622fdf] depends on not successfully finished methods
	at org.testng.internal.Invoker.invokeTestMethods(Invoker.java:888)
	at org.testng.internal.TestMethodWorker.invokeTestMethods(TestMethodWorker.java:125)
	at org.testng.internal.TestMethodWorker.run(TestMethodWorker.java:109)
	at org.testng.TestRunner.privateRun(TestRunner.java:648)
	at org.testng.TestRunner.run(TestRunner.java:505)
	at org.testng.SuiteRunner.runTest(SuiteRunner.java:455)
	at org.testng.SuiteRunner.access$000(SuiteRunner.java:40)
	at org.testng.SuiteRunner$SuiteWorker.run(SuiteRunner.java:489)
	at org.testng.internal.thread.ThreadUtil$1.call(ThreadUtil.java:52)
	at java.util.concurrent.FutureTask.run(Unknown Source)
	at java.util.concurrent.ThreadPoolExecutor.runWorker(Unknown Source)
	at java.util.concurrent.ThreadPoolExecutor$Worker.run(Unknown Source)
	at java.lang.Thread.run(Unknown Source)

</div> <!-- stack-trace -->
                </div> <!-- method-content -->
              </div> <!-- method -->
            </div> <!-- main-panel-content rounded-window-bottom -->
          </div> <!-- suite-testSuite-class-skipped -->
          <div class="suite-testSuite-class-skipped">
            <div class="main-panel-header rounded-window-top">
              <img src="skipped.png"/>
              <span class="class-name">tests.RetailMurabahaTest</span>
            </div> <!-- main-panel-header rounded-window-top -->
            <div class="main-panel-content rounded-window-bottom">
              <div class="method">
                <div class="method-content">
                  <a name="CheckInsertAllMandatoryFields">
                  </a> <!-- CheckInsertAllMandatoryFields -->
                  <span class="method-name">CheckInsertAllMandatoryFields</span>
                  <div class="stack-trace">java.lang.Throwable: Method RetailMurabahaTest.CheckInsertAllMandatoryFields()[pri:0, instance:tests.RetailMurabahaTest@4883b407] depends on not successfully finished methods
	at org.testng.internal.Invoker.invokeTestMethods(Invoker.java:888)
	at org.testng.internal.TestMethodWorker.invokeTestMethods(TestMethodWorker.java:125)
	at org.testng.internal.TestMethodWorker.run(TestMethodWorker.java:109)
	at org.testng.TestRunner.privateRun(TestRunner.java:648)
	at org.testng.TestRunner.run(TestRunner.java:505)
	at org.testng.SuiteRunner.runTest(SuiteRunner.java:455)
	at org.testng.SuiteRunner.access$000(SuiteRunner.java:40)
	at org.testng.SuiteRunner$SuiteWorker.run(SuiteRunner.java:489)
	at org.testng.internal.thread.ThreadUtil$1.call(ThreadUtil.java:52)
	at java.util.concurrent.FutureTask.run(Unknown Source)
	at java.util.concurrent.ThreadPoolExecutor.runWorker(Unknown Source)
	at java.util.concurrent.ThreadPoolExecutor$Worker.run(Unknown Source)
	at java.lang.Thread.run(Unknown Source)

</div> <!-- stack-trace -->
                </div> <!-- method-content -->
              </div> <!-- method -->
              <div class="method">
                <div class="method-content">
                  <a name="CheckOpenRetailMurabah">
                  </a> <!-- CheckOpenRetailMurabah -->
                  <span class="method-name">CheckOpenRetailMurabah</span>
                  <div class="stack-trace">java.lang.Throwable: Method RetailMurabahaTest.CheckOpenRetailMurabah()[pri:0, instance:tests.RetailMurabahaTest@4883b407] depends on not successfully finished methods in group &quot;ProductSetupTest&quot;
	at org.testng.internal.Invoker.invokeTestMethods(Invoker.java:888)
	at org.testng.internal.TestMethodWorker.invokeTestMethods(TestMethodWorker.java:125)
	at org.testng.internal.TestMethodWorker.run(TestMethodWorker.java:109)
	at org.testng.TestRunner.privateRun(TestRunner.java:648)
	at org.testng.TestRunner.run(TestRunner.java:505)
	at org.testng.SuiteRunner.runTest(SuiteRunner.java:455)
	at org.testng.SuiteRunner.access$000(SuiteRunner.java:40)
	at org.testng.SuiteRunner$SuiteWorker.run(SuiteRunner.java:489)
	at org.testng.internal.thread.ThreadUtil$1.call(ThreadUtil.java:52)
	at java.util.concurrent.FutureTask.run(Unknown Source)
	at java.util.concurrent.ThreadPoolExecutor.runWorker(Unknown Source)
	at java.util.concurrent.ThreadPoolExecutor$Worker.run(Unknown Source)
	at java.lang.Thread.run(Unknown Source)

</div> <!-- stack-trace -->
                </div> <!-- method-content -->
              </div> <!-- method -->
              <div class="method">
                <div class="method-content">
                  <a name="CheckSaveRetailMurabaha">
                  </a> <!-- CheckSaveRetailMurabaha -->
                  <span class="method-name">CheckSaveRetailMurabaha</span>
                  <div class="stack-trace">java.lang.Throwable: Method RetailMurabahaTest.CheckSaveRetailMurabaha()[pri:0, instance:tests.RetailMurabahaTest@4883b407] depends on not successfully finished methods
	at org.testng.internal.Invoker.invokeTestMethods(Invoker.java:888)
	at org.testng.internal.TestMethodWorker.invokeTestMethods(TestMethodWorker.java:125)
	at org.testng.internal.TestMethodWorker.run(TestMethodWorker.java:109)
	at org.testng.TestRunner.privateRun(TestRunner.java:648)
	at org.testng.TestRunner.run(TestRunner.java:505)
	at org.testng.SuiteRunner.runTest(SuiteRunner.java:455)
	at org.testng.SuiteRunner.access$000(SuiteRunner.java:40)
	at org.testng.SuiteRunner$SuiteWorker.run(SuiteRunner.java:489)
	at org.testng.internal.thread.ThreadUtil$1.call(ThreadUtil.java:52)
	at java.util.concurrent.FutureTask.run(Unknown Source)
	at java.util.concurrent.ThreadPoolExecutor.runWorker(Unknown Source)
	at java.util.concurrent.ThreadPoolExecutor$Worker.run(Unknown Source)
	at java.lang.Thread.run(Unknown Source)

</div> <!-- stack-trace -->
                </div> <!-- method-content -->
              </div> <!-- method -->
              <div class="method">
                <div class="method-content">
                  <a name="RequestForApprove">
                  </a> <!-- RequestForApprove -->
                  <span class="method-name">RequestForApprove</span>
                  <div class="stack-trace">java.lang.Throwable: Method RetailMurabahaTest.RequestForApprove()[pri:0, instance:tests.RetailMurabahaTest@4883b407] depends on not successfully finished methods
	at org.testng.internal.Invoker.invokeTestMethods(Invoker.java:888)
	at org.testng.internal.TestMethodWorker.invokeTestMethods(TestMethodWorker.java:125)
	at org.testng.internal.TestMethodWorker.run(TestMethodWorker.java:109)
	at org.testng.TestRunner.privateRun(TestRunner.java:648)
	at org.testng.TestRunner.run(TestRunner.java:505)
	at org.testng.SuiteRunner.runTest(SuiteRunner.java:455)
	at org.testng.SuiteRunner.access$000(SuiteRunner.java:40)
	at org.testng.SuiteRunner$SuiteWorker.run(SuiteRunner.java:489)
	at org.testng.internal.thread.ThreadUtil$1.call(ThreadUtil.java:52)
	at java.util.concurrent.FutureTask.run(Unknown Source)
	at java.util.concurrent.ThreadPoolExecutor.runWorker(Unknown Source)
	at java.util.concurrent.ThreadPoolExecutor$Worker.run(Unknown Source)
	at java.lang.Thread.run(Unknown Source)

</div> <!-- stack-trace -->
                </div> <!-- method-content -->
              </div> <!-- method -->
            </div> <!-- main-panel-content rounded-window-bottom -->
          </div> <!-- suite-testSuite-class-skipped -->
          <div class="suite-testSuite-class-passed">
            <div class="main-panel-header rounded-window-top">
              <img src="passed.png"/>
              <span class="class-name">tests.IndividualProspectTest</span>
            </div> <!-- main-panel-header rounded-window-top -->
            <div class="main-panel-content rounded-window-bottom">
              <div class="method">
                <div class="method-content">
                  <a name="CheckLogin">
                  </a> <!-- CheckLogin -->
                  <span class="method-name">CheckLogin</span>
                </div> <!-- method-content -->
              </div> <!-- method -->
            </div> <!-- main-panel-content rounded-window-bottom -->
          </div> <!-- suite-testSuite-class-passed -->
        </div> <!-- panel testSuite -->
        <div panel-name="test-xml-testSuite" class="panel">
          <div class="main-panel-header rounded-window-top">
            <span class="header-content">C:\Users\Mohamed.Emad\eclipse-workspace\I50QCFramework1\testng.xml</span>
          </div> <!-- main-panel-header rounded-window-top -->
          <div class="main-panel-content rounded-window-bottom">
            <pre>
&lt;?xml version=&quot;1.0&quot; encoding=&quot;UTF-8&quot;?&gt;
&lt;!DOCTYPE suite SYSTEM &quot;http://testng.org/testng-1.0.dtd&quot;&gt;
&lt;suite thread-count=&quot;2&quot; guice-stage=&quot;DEVELOPMENT&quot; verbose=&quot;10&quot; name=&quot;testSuite&quot; parallel=&quot;tests&quot;&gt;
  &lt;test thread-count=&quot;2&quot; verbose=&quot;4&quot; name=&quot;MytestCase&quot; parallel=&quot;tests&quot; group-by-instances=&quot;true&quot;&gt;
    &lt;classes&gt;
      &lt;class name=&quot;tests.IndividualProspectTest&quot;/&gt;
      &lt;class name=&quot;tests.ProductSetupTest&quot;/&gt;
      &lt;class name=&quot;tests.RetailMurabahaTest&quot;/&gt;
    &lt;/classes&gt;
  &lt;/test&gt; &lt;!-- MytestCase --&gt;
&lt;/suite&gt; &lt;!-- testSuite --&gt;
            </pre>
          </div> <!-- main-panel-content rounded-window-bottom -->
        </div> <!-- panel -->
        <div panel-name="testlist-testSuite" class="panel">
          <div class="main-panel-header rounded-window-top">
            <span class="header-content">Tests for testSuite</span>
          </div> <!-- main-panel-header rounded-window-top -->
          <div class="main-panel-content rounded-window-bottom">
            <ul>
              <li>
                <span class="test-name">MytestCase (3 classes)</span>
              </li>
            </ul>
          </div> <!-- main-panel-content rounded-window-bottom -->
        </div> <!-- panel -->
        <div panel-name="group-testSuite" class="panel">
          <div class="main-panel-header rounded-window-top">
            <span class="header-content">Groups for testSuite</span>
          </div> <!-- main-panel-header rounded-window-top -->
          <div class="main-panel-content rounded-window-bottom">
            <div class="test-group">
              <span class="test-group-name">IndividualProspectTest</span>
              <br/>
              <div class="method-in-group">
                <span class="method-in-group-name">CheckLogin</span>
                <br/>
              </div> <!-- method-in-group -->
              <div class="method-in-group">
                <span class="method-in-group-name">addNewIndividualProspect_Case1</span>
                <br/>
              </div> <!-- method-in-group -->
            </div> <!-- test-group -->
            <div class="test-group">
              <span class="test-group-name">ProductSetupTest</span>
              <br/>
              <div class="method-in-group">
                <span class="method-in-group-name">FillData</span>
                <br/>
              </div> <!-- method-in-group -->
              <div class="method-in-group">
                <span class="method-in-group-name">PostButton</span>
                <br/>
              </div> <!-- method-in-group -->
              <div class="method-in-group">
                <span class="method-in-group-name">SaveProductSetup</span>
                <br/>
              </div> <!-- method-in-group -->
            </div> <!-- test-group -->
            <div class="test-group">
              <span class="test-group-name">RetailMurabahaTest</span>
              <br/>
              <div class="method-in-group">
                <span class="method-in-group-name">CheckInsertAllMandatoryFields</span>
                <br/>
              </div> <!-- method-in-group -->
              <div class="method-in-group">
                <span class="method-in-group-name">CheckOpenRetailMurabah</span>
                <br/>
              </div> <!-- method-in-group -->
              <div class="method-in-group">
                <span class="method-in-group-name">CheckSaveRetailMurabaha</span>
                <br/>
              </div> <!-- method-in-group -->
              <div class="method-in-group">
                <span class="method-in-group-name">RequestForApprove</span>
                <br/>
              </div> <!-- method-in-group -->
            </div> <!-- test-group -->
          </div> <!-- main-panel-content rounded-window-bottom -->
        </div> <!-- panel -->
        <div panel-name="times-testSuite" class="panel">
          <div class="main-panel-header rounded-window-top">
            <span class="header-content">Times for testSuite</span>
          </div> <!-- main-panel-header rounded-window-top -->
          <div class="main-panel-content rounded-window-bottom">
            <div class="times-div">
              <script type="text/javascript">
suiteTableInitFunctions.push('tableData_testSuite');
function tableData_testSuite() {
var data = new google.visualization.DataTable();
data.addColumn('number', 'Number');
data.addColumn('string', 'Method');
data.addColumn('string', 'Class');
data.addColumn('number', 'Time (ms)');
data.addRows(9);
data.setCell(0, 0, 0)
data.setCell(0, 1, 'addNewIndividualProspect_Case1')
data.setCell(0, 2, 'tests.IndividualProspectTest')
data.setCell(0, 3, 11546);
data.setCell(1, 0, 1)
data.setCell(1, 1, 'CheckLogin')
data.setCell(1, 2, 'tests.IndividualProspectTest')
data.setCell(1, 3, 1637);
data.setCell(2, 0, 2)
data.setCell(2, 1, 'SaveProductSetup')
data.setCell(2, 2, 'tests.ProductSetupTest')
data.setCell(2, 3, 0);
data.setCell(3, 0, 3)
data.setCell(3, 1, 'CheckSaveRetailMurabaha')
data.setCell(3, 2, 'tests.RetailMurabahaTest')
data.setCell(3, 3, 0);
data.setCell(4, 0, 4)
data.setCell(4, 1, 'FillData')
data.setCell(4, 2, 'tests.ProductSetupTest')
data.setCell(4, 3, 0);
data.setCell(5, 0, 5)
data.setCell(5, 1, 'PostButton')
data.setCell(5, 2, 'tests.ProductSetupTest')
data.setCell(5, 3, 0);
data.setCell(6, 0, 6)
data.setCell(6, 1, 'CheckOpenRetailMurabah')
data.setCell(6, 2, 'tests.RetailMurabahaTest')
data.setCell(6, 3, 0);
data.setCell(7, 0, 7)
data.setCell(7, 1, 'CheckInsertAllMandatoryFields')
data.setCell(7, 2, 'tests.RetailMurabahaTest')
data.setCell(7, 3, 0);
data.setCell(8, 0, 8)
data.setCell(8, 1, 'RequestForApprove')
data.setCell(8, 2, 'tests.RetailMurabahaTest')
data.setCell(8, 3, 0);
window.suiteTableData['testSuite']= { tableData: data, tableDiv: 'times-div-testSuite'}
return data;
}
              </script>
              <span class="suite-total-time">Total running time: 13 seconds</span>
              <div id="times-div-testSuite">
              </div> <!-- times-div-testSuite -->
            </div> <!-- times-div -->
          </div> <!-- main-panel-content rounded-window-bottom -->
        </div> <!-- panel -->
        <div panel-name="reporter-testSuite" class="panel">
          <div class="main-panel-header rounded-window-top">
            <span class="header-content">Reporter output for testSuite</span>
          </div> <!-- main-panel-header rounded-window-top -->
          <div class="main-panel-content rounded-window-bottom">
          </div> <!-- main-panel-content rounded-window-bottom -->
        </div> <!-- panel -->
        <div panel-name="ignored-methods-testSuite" class="panel">
          <div class="main-panel-header rounded-window-top">
            <span class="header-content">4 ignored methods</span>
          </div> <!-- main-panel-header rounded-window-top -->
          <div class="main-panel-content rounded-window-bottom">
            <div class="ignored-class-div">
              <span class="ignored-class-name">tests.ProductSetupTest</span>
              <div class="ignored-methods-div">
                <span class="ignored-method-name">startDriver</span>
                <br/>
                <span class="ignored-method-name">stopDriver</span>
                <br/>
              </div> <!-- ignored-methods-div -->
            </div> <!-- ignored-class-div -->
            <div class="ignored-class-div">
              <span class="ignored-class-name">tests.RetailMurabahaTest</span>
              <div class="ignored-methods-div">
                <span class="ignored-method-name">startDriver</span>
                <br/>
                <span class="ignored-method-name">stopDriver</span>
                <br/>
              </div> <!-- ignored-methods-div -->
            </div> <!-- ignored-class-div -->
          </div> <!-- main-panel-content rounded-window-bottom -->
        </div> <!-- panel -->
        <div panel-name="chronological-testSuite" class="panel">
          <div class="main-panel-header rounded-window-top">
            <span class="header-content">Methods in chronological order</span>
          </div> <!-- main-panel-header rounded-window-top -->
          <div class="main-panel-content rounded-window-bottom">
            <div class="chronological-class">
              <div class="chronological-class-name">tests.IndividualProspectTest</div> <!-- chronological-class-name -->
              <div class="configuration-suite before">
                <span class="method-name">startDriver(chrome)</span>
                <span class="method-start">0 ms</span>
              </div> <!-- configuration-suite before -->
              <div class="test-method">
                <span class="method-name">CheckLogin</span>
                <span class="method-start">6417 ms</span>
              </div> <!-- test-method -->
              <div class="configuration-method after">
                <span class="method-name">takeScreenshots([TestResult name=CheckLogin status=SUCCESS method=IndividualProspectTest.CheckLogin()[pri:0, instanc...)</span>
                <span class="method-start">8056 ms</span>
              </div> <!-- configuration-method after -->
              <div class="test-method">
                <img src="failed.png">
                </img>
                <span class="method-name">addNewIndividualProspect_Case1</span>
                <span class="method-start">8432 ms</span>
              </div> <!-- test-method -->
              <div class="configuration-method after">
                <img src="failed.png">
                </img>
                <span class="method-name">takeScreenshots([TestResult name=addNewIndividualProspect_Case1 status=FAILURE method=IndividualProspectTest.addNewI...)</span>
                <span class="method-start">19978 ms</span>
              </div> <!-- configuration-method after -->
              <div class="configuration-suite after">
                <span class="method-name">stopDriver</span>
                <span class="method-start">26100 ms</span>
              </div> <!-- configuration-suite after -->
          </div> <!-- main-panel-content rounded-window-bottom -->
        </div> <!-- panel -->
      </div> <!-- main-panel-root -->
    </div> <!-- wrapper -->
  </body>
</html>
