<?xml version="1.0" encoding="UTF-8"?>
<!-- Generated by org.testng.reporters.JUnitReportReporter -->
<testsuite skipped="5" hostname="EGDM1-AMounir" name="tests.MonthlyDependOnTransactionTest" tests="6" failures="0" timestamp="27 Aug 2019 11:07:20 GMT" time="0.088" errors="1">
  <testcase name="fillRepaymentsOptionsData" time="0.000" classname="tests.MonthlyDependOnTransactionTest">
    <skipped/>
  </testcase> <!-- fillRepaymentsOptionsData -->
  <testcase name="OpenRepaymentPlanModule" time="0.000" classname="tests.MonthlyDependOnTransactionTest">
    <skipped/>
  </testcase> <!-- OpenRepaymentPlanModule -->
  <testcase name="fillProfitRateData" time="0.000" classname="tests.MonthlyDependOnTransactionTest">
    <skipped/>
  </testcase> <!-- fillProfitRateData -->
  <testcase name="CheckLogin" time="0.088" classname="tests.MonthlyDependOnTransactionTest">
    <error type="java.io.FileNotFoundException" message="C:\Users\Ahmed.Mounir\AppiumSelenium\I50QCFramework\src\test\java\TestData\FundData.json (The system cannot find the file specified)">
      <![CDATA[java.io.FileNotFoundException: C:\Users\Ahmed.Mounir\AppiumSelenium\I50QCFramework\src\test\java\TestData\FundData.json (The system cannot find the file specified)
at java.io.FileInputStream.open0(Native Method)
at java.io.FileInputStream.open(Unknown Source)
at java.io.FileInputStream.<init>(Unknown Source)
at java.io.FileReader.<init>(Unknown Source)
at TestData.JsonDataReader.JsonReaderData(JsonDataReader.java:31)
at tests.MonthlyDependOnTransactionTest.CheckLogin(MonthlyDependOnTransactionTest.java:78)
at sun.reflect.NativeMethodAccessorImpl.invoke0(Native Method)
at sun.reflect.NativeMethodAccessorImpl.invoke(Unknown Source)
at sun.reflect.DelegatingMethodAccessorImpl.invoke(Unknown Source)
at java.lang.reflect.Method.invoke(Unknown Source)
at org.testng.internal.MethodInvocationHelper.invokeMethod(MethodInvocationHelper.java:124)
at org.testng.internal.Invoker.invokeMethod(Invoker.java:580)
at org.testng.internal.Invoker.invokeTestMethod(Invoker.java:716)
at org.testng.internal.Invoker.invokeTestMethods(Invoker.java:988)
at org.testng.internal.TestMethodWorker.invokeTestMethods(TestMethodWorker.java:125)
at org.testng.internal.TestMethodWorker.run(TestMethodWorker.java:109)
at org.testng.TestRunner.privateRun(TestRunner.java:648)
at org.testng.TestRunner.run(TestRunner.java:505)
at org.testng.SuiteRunner.runTest(SuiteRunner.java:455)
at org.testng.SuiteRunner.access$000(SuiteRunner.java:40)
at org.testng.SuiteRunner$SuiteWorker.run(SuiteRunner.java:489)
at org.testng.internal.thread.ThreadUtil$1.call(ThreadUtil.java:52)
at java.util.concurrent.FutureTask.run(Unknown Source)
at java.util.concurrent.ThreadPoolExecutor.runWorker(Unknown Source)
at java.util.concurrent.ThreadPoolExecutor$Worker.run(Unknown Source)
at java.lang.Thread.run(Unknown Source)
]]>
    </error>
  </testcase> <!-- CheckLogin -->
  <testcase name="fillRepaymentPlanMasterData" time="0.000" classname="tests.MonthlyDependOnTransactionTest">
    <skipped/>
  </testcase> <!-- fillRepaymentPlanMasterData -->
  <testcase name="fillIntervalsDataWithDependOnTransaction" time="0.000" classname="tests.MonthlyDependOnTransactionTest">
    <skipped/>
  </testcase> <!-- fillIntervalsDataWithDependOnTransaction -->
</testsuite> <!-- tests.MonthlyDependOnTransactionTest -->
